[35m[Appium][39m Welcome to Appium v1.22.3
[35m[Appium][39m Non-default server args:
[35m[Appium][39m   port: 55143
[35m[Appium][39m   loglevel: info
[35m[Appium][39m   tmpDir: C:\Users\SHARIN~1\AppData\Local\Temp\\Katalon\Appium\Temp1715807740741
[35m[Appium][39m   chromedriverPort: 55144
[35m[Appium][39m Deprecated server args:
[35m[Appium][39m   [31m--chromedriver-port[39m => --default-capabilities
[35m[Appium][39m Default capabilities, which will be added to each request unless overridden by desired capabilities:
[35m[Appium][39m   chromedriverPort: 55144
[35m[Appium][39m Appium REST http interface listener started on 0.0.0.0:55143
[35m[HTTP][39m [37m-->[39m [37mGET[39m [37m/wd/hub/status[39m
[35m[HTTP][39m [90m{}[39m
[35m[HTTP][39m [37m<-- GET /wd/hub/status [39m[32m200[39m [90m5 ms - 68[39m
[35m[HTTP][39m [90m[39m
[35m[HTTP][39m [37m-->[39m [37mGET[39m [37m/wd/hub/status[39m
[35m[HTTP][39m [90m{}[39m
[35m[HTTP][39m [37m<-- GET /wd/hub/status [39m[32m200[39m [90m1 ms - 68[39m
[35m[HTTP][39m [90m[39m
[35m[HTTP][39m [37m-->[39m [37mPOST[39m [37m/wd/hub/session[39m
[35m[HTTP][39m [90m{"desiredCapabilities":{"appActivity":".Settings","appPackage":"com.android.settings","newCommandTimeout":1800,"platformVersion":"14","automationName":"uiautomator2","autoGrantPermissions":true,"platformName":"Android","udid":"RRCT20028CN","deviceName":"samsung SM-A528B (Android 14)","platform":"ANDROID","systemPort":8264},"capabilities":{"firstMatch":[{"appium:appActivity":".Settings","appium:appPackage":"com.android.settings","appium:autoGrantPermissions":true,"appium:automationName":"uiautomator2","appium:deviceName":"samsung SM-A528B (Android 14)","appium:newCommandTimeout":1800,"platform":"ANDROID","platformName":"android","appium:platformVersion":"14","appium:systemPort":8264,"appium:udid":"RRCT20028CN"}]}}[39m
[35m[BaseDriver][39m The following capabilities are not standard capabilities and should have an extension prefix:
[35m[BaseDriver][39m   platform
[35m[BaseDriver][39m   chromedriverPort
[35m[Appium][39m Appium v1.22.3 creating new AndroidUiautomator2Driver (v1.70.1) session
[35m[BaseDriver][39m The following capabilities were provided, but are not recognized by Appium:
[35m[BaseDriver][39m   platform
[35m[BaseDriver][39m Session created with session id: 8e81cf6f-8602-43fb-8c22-853e10bb4056
[35m[UiAutomator2][39m Starting 'com.android.settings' directly on the device
[35m[ADB][39m Found 2 'build-tools' folders under 'C:\Users\Sharing Vision\AppData\Local\Android\Sdk' (newest first):
[35m[ADB][39m     C:/Users/Sharing Vision/AppData/Local/Android/Sdk/build-tools/34.0.0
[35m[ADB][39m     C:/Users/Sharing Vision/AppData/Local/Android/Sdk/build-tools/33.0.1
[35m[ADB][39m Using 'adb.exe' from 'C:\Users\Sharing Vision\AppData\Local\Android\Sdk\platform-tools\adb.exe'
[35m[AndroidDriver][39m Retrieving device list
[35m[AndroidDriver][39m Using device: RRCT20028CN
[35m[ADB][39m Using 'adb.exe' from 'C:\Users\Sharing Vision\AppData\Local\Android\Sdk\platform-tools\adb.exe'
[35m[ADB][39m Getting device platform version
[35m[UiAutomator2][39m Relaxing hidden api policy
[35m[AndroidDriver][39m No app sent in, not parsing package/activity
[35m[ADB][39m Using 'apksigner.jar' from 'C:\Users\Sharing Vision\AppData\Local\Android\Sdk\build-tools\34.0.0\lib\apksigner.jar'
[35m[ADB][39m 'C:\Users\Sharing Vision\AppData\Roaming\npm\node_modules\appium\node_modules\appium-uiautomator2-server\apks\appium-uiautomator2-server-v4.27.0.apk' is signed with the default certificate
[35m[ADB][39m 'C:\Users\Sharing Vision\AppData\Roaming\npm\node_modules\appium\node_modules\appium-uiautomator2-server\apks\appium-uiautomator2-server-debug-androidTest.apk' is signed with the default certificate
[35m[UiAutomator2][39m Server packages are not going to be (re)installed
[35m[ADB][39m Adding packages ["io.appium.settings","io.appium.uiautomator2.server","io.appium.uiautomator2.server.test"] to Doze whitelist
[35m[ADB][39m com.android.settings contains no permissions available for granting
[35m[UiAutomator2][39m Starting UIAutomator2 server 4.27.0
[35m[UiAutomator2][39m Using UIAutomator2 server from 'C:\Users\Sharing Vision\AppData\Roaming\npm\node_modules\appium\node_modules\appium-uiautomator2-server\apks\appium-uiautomator2-server-v4.27.0.apk' and test from 'C:\Users\Sharing Vision\AppData\Roaming\npm\node_modules\appium\node_modules\appium-uiautomator2-server\apks\appium-uiautomator2-server-debug-androidTest.apk'
[35m[UiAutomator2][39m Waiting up to 30000ms for UiAutomator2 to be online...
[35m[WD Proxy][39m socket hang up
[35m[WD Proxy][39m socket hang up
[35m[WD Proxy][39m Determined the downstream protocol as 'W3C'
[35m[AndroidDriver][39m Screen already unlocked, doing nothing
[35m[UiAutomator2][39m Starting 'com.android.settings/.Settings and waiting for 'com.android.settings/.Settings'
[35m[Appium][39m New AndroidUiautomator2Driver session created successfully, session 8e81cf6f-8602-43fb-8c22-853e10bb4056 added to master session list
[35m[HTTP][39m [37m<-- POST /wd/hub/session [39m[32m200[39m [90m11589 ms - 1159[39m
[35m[HTTP][39m [90m[39m
[35m[HTTP][39m [37m-->[39m [37mGET[39m [37m/wd/hub/session/8e81cf6f-8602-43fb-8c22-853e10bb4056[39m
[35m[HTTP][39m [90m{}[39m
[35m[HTTP][39m [37m<-- GET /wd/hub/session/8e81cf6f-8602-43fb-8c22-853e10bb4056 [39m[32m200[39m [90m11 ms - 1113[39m
[35m[HTTP][39m [90m[39m
[35m[HTTP][39m [37m-->[39m [37mGET[39m [37m/wd/hub/session/8e81cf6f-8602-43fb-8c22-853e10bb4056[39m
[35m[HTTP][39m [90m{}[39m
[35m[HTTP][39m [37m<-- GET /wd/hub/session/8e81cf6f-8602-43fb-8c22-853e10bb4056 [39m[32m200[39m [90m11 ms - 1113[39m
[35m[HTTP][39m [90m[39m
[35m[HTTP][39m [37m-->[39m [37mGET[39m [37m/wd/hub/status[39m
[35m[HTTP][39m [90m{}[39m
[35m[HTTP][39m [37m<-- GET /wd/hub/status [39m[32m200[39m [90m1 ms - 68[39m
[35m[HTTP][39m [90m[39m
[35m[HTTP][39m [37m-->[39m [37mPOST[39m [37m/wd/hub/session/8e81cf6f-8602-43fb-8c22-853e10bb4056/timeouts[39m
[35m[HTTP][39m [90m{"implicit":60000}[39m
[35m[HTTP][39m [37m<-- POST /wd/hub/session/8e81cf6f-8602-43fb-8c22-853e10bb4056/timeouts [39m[32m200[39m [90m2 ms - 14[39m
[35m[HTTP][39m [90m[39m
[35m[HTTP][39m [37m-->[39m [37mGET[39m [37m/wd/hub/session/8e81cf6f-8602-43fb-8c22-853e10bb4056/screenshot[39m
[35m[HTTP][39m [90m{}[39m
[35m[HTTP][39m [37m<-- GET /wd/hub/session/8e81cf6f-8602-43fb-8c22-853e10bb4056/screenshot [39m[32m200[39m [90m474 ms - 217954[39m
[35m[HTTP][39m [90m[39m
[35m[HTTP][39m [37m-->[39m [37mGET[39m [37m/wd/hub/session/8e81cf6f-8602-43fb-8c22-853e10bb4056/window/rect[39m
[35m[HTTP][39m [90m{}[39m
[35m[HTTP][39m [37m<-- GET /wd/hub/session/8e81cf6f-8602-43fb-8c22-853e10bb4056/window/rect [39m[32m200[39m [90m19 ms - 50[39m
[35m[HTTP][39m [90m[39m
[35m[HTTP][39m [37m-->[39m [37mGET[39m [37m/wd/hub/session/8e81cf6f-8602-43fb-8c22-853e10bb4056/appium/device/system_bars[39m
[35m[HTTP][39m [90m{}[39m
[35m[HTTP][39m [37m<-- GET /wd/hub/session/8e81cf6f-8602-43fb-8c22-853e10bb4056/appium/device/system_bars [39m[32m200[39m [90m133 ms - 145[39m
[35m[HTTP][39m [90m[39m
[35m[HTTP][39m [37m-->[39m [37mPOST[39m [37m/wd/hub/session/8e81cf6f-8602-43fb-8c22-853e10bb4056/appium/device/activate_app[39m
[35m[HTTP][39m [90m{"bundleId":"com.traveloka.android"}[39m
[35m[HTTP][39m [37m<-- POST /wd/hub/session/8e81cf6f-8602-43fb-8c22-853e10bb4056/appium/device/activate_app [39m[32m200[39m [90m574 ms - 14[39m
[35m[HTTP][39m [90m[39m
[35m[HTTP][39m [37m-->[39m [37mGET[39m [37m/wd/hub/session/8e81cf6f-8602-43fb-8c22-853e10bb4056/source[39m
[35m[HTTP][39m [90m{}[39m
[35m[W3C (8e81cf6f)][39m Driver proxy active, passing request on via HTTP proxy
[35m[WD Proxy][39m Replacing sessionId fd594893-7904-46c0-9926-5558ac055e37 with 8e81cf6f-8602-43fb-8c22-853e10bb4056
[35m[HTTP][39m [37m<-- GET /wd/hub/session/8e81cf6f-8602-43fb-8c22-853e10bb4056/source [39m[32m200[39m [90m1426 ms - 56366[39m
[35m[HTTP][39m [90m[39m
[35m[HTTP][39m [37m-->[39m [37mGET[39m [37m/wd/hub/session/8e81cf6f-8602-43fb-8c22-853e10bb4056/screenshot[39m
[35m[HTTP][39m [90m{}[39m
[35m[HTTP][39m [37m<-- GET /wd/hub/session/8e81cf6f-8602-43fb-8c22-853e10bb4056/screenshot [39m[32m200[39m [90m454 ms - 280350[39m
[35m[HTTP][39m [90m[39m
[35m[HTTP][39m [37m-->[39m [37mPOST[39m [37m/wd/hub/session/8e81cf6f-8602-43fb-8c22-853e10bb4056/elements[39m
[35m[HTTP][39m [90m{"using":"xpath","value":"//*[@class = 'android.widget.TextView' and (@text = 'Payment Method' or . = 'Payment Method') and @resource-id = 'com.traveloka.android:id/text_view_selected_payment_method']"}[39m
[35m[HTTP][39m [37m<-- POST /wd/hub/session/8e81cf6f-8602-43fb-8c22-853e10bb4056/elements [39m[32m200[39m [90m1925 ms - 139[39m
[35m[HTTP][39m [90m[39m
[35m[HTTP][39m [37m-->[39m [37mPOST[39m [37m/wd/hub/session/8e81cf6f-8602-43fb-8c22-853e10bb4056/elements[39m
[35m[HTTP][39m [90m{"using":"xpath","value":"//*[@class = 'android.widget.Button' and (@text = 'Pay with BRI Virtual Account' or . = 'Pay with BRI Virtual Account') and @resource-id = 'com.traveloka.android:id/button_pay_now']"}[39m
[35m[HTTP][39m [37m<-- POST /wd/hub/session/8e81cf6f-8602-43fb-8c22-853e10bb4056/elements [39m[32m200[39m [90m624 ms - 139[39m
[35m[HTTP][39m [90m[39m
[35m[HTTP][39m [37m-->[39m [37mPOST[39m [37m/wd/hub/session/8e81cf6f-8602-43fb-8c22-853e10bb4056/timeouts[39m
[35m[HTTP][39m [90m{"implicit":1000}[39m
[35m[HTTP][39m [37m<-- POST /wd/hub/session/8e81cf6f-8602-43fb-8c22-853e10bb4056/timeouts [39m[32m200[39m [90m1 ms - 14[39m
[35m[HTTP][39m [90m[39m
[35m[HTTP][39m [37m-->[39m [37mPOST[39m [37m/wd/hub/session/8e81cf6f-8602-43fb-8c22-853e10bb4056/elements[39m
[35m[HTTP][39m [90m{"using":"xpath","value":"//*[@resource-id = 'com.traveloka.android:id/button_pay_now']"}[39m
[35m[HTTP][39m [37m<-- POST /wd/hub/session/8e81cf6f-8602-43fb-8c22-853e10bb4056/elements [39m[32m200[39m [90m1127 ms - 12[39m
[35m[HTTP][39m [90m[39m
[35m[HTTP][39m [37m-->[39m [37mPOST[39m [37m/wd/hub/session/8e81cf6f-8602-43fb-8c22-853e10bb4056/timeouts[39m
[35m[HTTP][39m [90m{"implicit":1000}[39m
[35m[HTTP][39m [37m<-- POST /wd/hub/session/8e81cf6f-8602-43fb-8c22-853e10bb4056/timeouts [39m[32m200[39m [90m2 ms - 14[39m
[35m[HTTP][39m [90m[39m
[35m[HTTP][39m [37m-->[39m [37mPOST[39m [37m/wd/hub/session/8e81cf6f-8602-43fb-8c22-853e10bb4056/elements[39m
[35m[HTTP][39m [90m{"using":"xpath","value":"//*[@resource-id = 'com.traveloka.android:id/button_pay_now']"}[39m
[35m[HTTP][39m [37m<-- POST /wd/hub/session/8e81cf6f-8602-43fb-8c22-853e10bb4056/elements [39m[32m200[39m [90m1202 ms - 12[39m
[35m[HTTP][39m [90m[39m
[35m[HTTP][39m [37m-->[39m [37mPOST[39m [37m/wd/hub/session/8e81cf6f-8602-43fb-8c22-853e10bb4056/elements[39m
[35m[HTTP][39m [90m{"using":"xpath","value":"//*[@class = 'android.widget.Button' and (@text = 'Pay with BRI Virtual Account' or . = 'Pay with BRI Virtual Account') and @resource-id = 'com.traveloka.android:id/button_pay_now']"}[39m
[35m[HTTP][39m [37m<-- POST /wd/hub/session/8e81cf6f-8602-43fb-8c22-853e10bb4056/elements [39m[32m200[39m [90m1276 ms - 12[39m
[35m[HTTP][39m [90m[39m
[35m[HTTP][39m [37m-->[39m [37mPOST[39m [37m/wd/hub/session/8e81cf6f-8602-43fb-8c22-853e10bb4056/elements[39m
[35m[HTTP][39m [90m{"using":"id","value":"com.traveloka.android:id/button_pay_now"}[39m
[35m[HTTP][39m [37m<-- POST /wd/hub/session/8e81cf6f-8602-43fb-8c22-853e10bb4056/elements [39m[32m200[39m [90m1234 ms - 12[39m
[35m[HTTP][39m [90m[39m
[35m[HTTP][39m [37m-->[39m [37mPOST[39m [37m/wd/hub/session/8e81cf6f-8602-43fb-8c22-853e10bb4056/elements[39m
[35m[HTTP][39m [90m{"using":"-android uiautomator","value":"new UiSelector().className(\"android.widget.Button\").text(\"Pay with BRI Virtual Account\").resourceId(\"com.traveloka.android:id/button_pay_now\")"}[39m
[35m[HTTP][39m [37m<-- POST /wd/hub/session/8e81cf6f-8602-43fb-8c22-853e10bb4056/elements [39m[32m200[39m [90m1205 ms - 12[39m
[35m[HTTP][39m [90m[39m
[35m[HTTP][39m [37m-->[39m [37mPOST[39m [37m/wd/hub/session/8e81cf6f-8602-43fb-8c22-853e10bb4056/timeouts[39m
[35m[HTTP][39m [90m{"implicit":1000}[39m
[35m[HTTP][39m [37m<-- POST /wd/hub/session/8e81cf6f-8602-43fb-8c22-853e10bb4056/timeouts [39m[32m200[39m [90m2 ms - 14[39m
[35m[HTTP][39m [90m[39m
[35m[HTTP][39m [37m-->[39m [37mPOST[39m [37m/wd/hub/session/8e81cf6f-8602-43fb-8c22-853e10bb4056/elements[39m
[35m[HTTP][39m [90m{"using":"xpath","value":"//*[@resource-id='com.traveloka.android:id/button_pay_now']"}[39m
[35m[HTTP][39m [37m<-- POST /wd/hub/session/8e81cf6f-8602-43fb-8c22-853e10bb4056/elements [39m[32m200[39m [90m1122 ms - 12[39m
[35m[HTTP][39m [90m[39m
[35m[HTTP][39m [37m-->[39m [37mPOST[39m [37m/wd/hub/session/8e81cf6f-8602-43fb-8c22-853e10bb4056/elements[39m
[35m[HTTP][39m [90m{"using":"xpath","value":"//*[@class = 'android.widget.Button' and (@text = 'Pay with BRI Virtual Account' or . = 'Pay with BRI Virtual Account') and @resource-id = 'com.traveloka.android:id/button_pay_now']"}[39m
[35m[HTTP][39m [37m<-- POST /wd/hub/session/8e81cf6f-8602-43fb-8c22-853e10bb4056/elements [39m[32m200[39m [90m1283 ms - 12[39m
[35m[HTTP][39m [90m[39m
[35m[HTTP][39m [37m-->[39m [37mPOST[39m [37m/wd/hub/session/8e81cf6f-8602-43fb-8c22-853e10bb4056/elements[39m
[35m[HTTP][39m [90m{"using":"id","value":"com.traveloka.android:id/button_pay_now"}[39m
[35m[HTTP][39m [37m<-- POST /wd/hub/session/8e81cf6f-8602-43fb-8c22-853e10bb4056/elements [39m[32m200[39m [90m1238 ms - 12[39m
[35m[HTTP][39m [90m[39m
[35m[HTTP][39m [37m-->[39m [37mPOST[39m [37m/wd/hub/session/8e81cf6f-8602-43fb-8c22-853e10bb4056/elements[39m
[35m[HTTP][39m [90m{"using":"-android uiautomator","value":"new UiSelector().className(\"android.widget.Button\").text(\"Pay with BRI Virtual Account\").resourceId(\"com.traveloka.android:id/button_pay_now\")"}[39m
[35m[HTTP][39m [37m<-- POST /wd/hub/session/8e81cf6f-8602-43fb-8c22-853e10bb4056/elements [39m[32m200[39m [90m1199 ms - 12[39m
[35m[HTTP][39m [90m[39m
[35m[HTTP][39m [37m-->[39m [37mPOST[39m [37m/wd/hub/session/8e81cf6f-8602-43fb-8c22-853e10bb4056/timeouts[39m
[35m[HTTP][39m [90m{"implicit":1000}[39m
[35m[HTTP][39m [37m<-- POST /wd/hub/session/8e81cf6f-8602-43fb-8c22-853e10bb4056/timeouts [39m[32m200[39m [90m2 ms - 14[39m
[35m[HTTP][39m [90m[39m
[35m[HTTP][39m [37m-->[39m [37mPOST[39m [37m/wd/hub/session/8e81cf6f-8602-43fb-8c22-853e10bb4056/elements[39m
[35m[HTTP][39m [90m{"using":"xpath","value":"//hierarchy/android.widget.FrameLayout[1]/android.widget.LinearLayout[1]/android.widget.FrameLayout[1]/android.widget.FrameLayout[1]/android.widget.FrameLayout[1]/android.view.ViewGroup[1]/android.widget.FrameLayout[1]/android.widget.RelativeLayout[1]/android.widget.ScrollView[1]/android.widget.LinearLayout[1]/android.widget.LinearLayout[2]/android.widget.LinearLayout[2]/android.widget.FrameLayout[1]/androidx.cardview.widget.CardView[1]/android.widget.RelativeLayout[1]/android.widget.LinearLayout[1]/android.widget.Button[1]"}[39m
[35m[HTTP][39m [37m<-- POST /wd/hub/session/8e81cf6f-8602-43fb-8c22-853e10bb4056/elements [39m[32m200[39m [90m1200 ms - 12[39m
[35m[HTTP][39m [90m[39m
[35m[HTTP][39m [37m-->[39m [37mPOST[39m [37m/wd/hub/session/8e81cf6f-8602-43fb-8c22-853e10bb4056/timeouts[39m
[35m[HTTP][39m [90m{"implicit":1000}[39m
[35m[HTTP][39m [37m<-- POST /wd/hub/session/8e81cf6f-8602-43fb-8c22-853e10bb4056/timeouts [39m[32m200[39m [90m1 ms - 14[39m
[35m[HTTP][39m [90m[39m
[35m[HTTP][39m [37m-->[39m [37mPOST[39m [37m/wd/hub/session/8e81cf6f-8602-43fb-8c22-853e10bb4056/elements[39m
[35m[HTTP][39m [90m{"using":"xpath","value":"//hierarchy/android.widget.FrameLayout[1]/android.widget.LinearLayout[1]/android.widget.FrameLayout[1]/android.widget.FrameLayout[1]/android.widget.FrameLayout[1]/android.view.ViewGroup[1]/android.widget.FrameLayout[1]/android.widget.RelativeLayout[1]/android.widget.ScrollView[1]/android.widget.LinearLayout[1]/android.widget.LinearLayout[2]/android.widget.LinearLayout[2]/android.widget.FrameLayout[1]/androidx.cardview.widget.CardView[1]/android.widget.RelativeLayout[1]/android.widget.LinearLayout[1]/android.widget.Button[1]"}[39m
[35m[HTTP][39m [37m<-- POST /wd/hub/session/8e81cf6f-8602-43fb-8c22-853e10bb4056/elements [39m[32m200[39m [90m283 ms - 139[39m
[35m[HTTP][39m [90m[39m
[35m[HTTP][39m [37m-->[39m [37mGET[39m [37m/wd/hub/session/8e81cf6f-8602-43fb-8c22-853e10bb4056/element/00000000-0000-0305-ffff-ffff000014db/location[39m
[35m[HTTP][39m [90m{}[39m
[35m[W3C (8e81cf6f)][39m Driver proxy active, passing request on via HTTP proxy
[35m[WD Proxy][39m Replacing sessionId fd594893-7904-46c0-9926-5558ac055e37 with 8e81cf6f-8602-43fb-8c22-853e10bb4056
[35m[HTTP][39m [37m<-- GET /wd/hub/session/8e81cf6f-8602-43fb-8c22-853e10bb4056/element/00000000-0000-0305-ffff-ffff000014db/location [39m[32m200[39m [90m394 ms - 78[39m
[35m[HTTP][39m [90m[39m
[35m[HTTP][39m [37m-->[39m [37mGET[39m [37m/wd/hub/session/8e81cf6f-8602-43fb-8c22-853e10bb4056/element/00000000-0000-0305-ffff-ffff000014db/size[39m
[35m[HTTP][39m [90m{}[39m
[35m[W3C (8e81cf6f)][39m Driver proxy active, passing request on via HTTP proxy
[35m[WD Proxy][39m Replacing sessionId fd594893-7904-46c0-9926-5558ac055e37 with 8e81cf6f-8602-43fb-8c22-853e10bb4056
[35m[HTTP][39m [37m<-- GET /wd/hub/session/8e81cf6f-8602-43fb-8c22-853e10bb4056/element/00000000-0000-0305-ffff-ffff000014db/size [39m[32m200[39m [90m24 ms - 85[39m
[35m[HTTP][39m [90m[39m
[35m[HTTP][39m [37m-->[39m [37mPOST[39m [37m/wd/hub/session/8e81cf6f-8602-43fb-8c22-853e10bb4056/timeouts[39m
[35m[HTTP][39m [90m{"implicit":1000}[39m
[35m[HTTP][39m [37m<-- POST /wd/hub/session/8e81cf6f-8602-43fb-8c22-853e10bb4056/timeouts [39m[32m200[39m [90m2 ms - 14[39m
[35m[HTTP][39m [90m[39m
[35m[HTTP][39m [37m-->[39m [37mPOST[39m [37m/wd/hub/session/8e81cf6f-8602-43fb-8c22-853e10bb4056/elements[39m
[35m[HTTP][39m [90m{"using":"xpath","value":"//*[@resource-id='com.traveloka.android:id/button_pay_now']"}[39m
[35m[HTTP][39m [37m<-- POST /wd/hub/session/8e81cf6f-8602-43fb-8c22-853e10bb4056/elements [39m[32m200[39m [90m872 ms - 139[39m
[35m[HTTP][39m [90m[39m
[35m[HTTP][39m [37m-->[39m [37mGET[39m [37m/wd/hub/session/8e81cf6f-8602-43fb-8c22-853e10bb4056/element/00000000-0000-0305-ffff-ffff000014db/location[39m
[35m[HTTP][39m [90m{}[39m
[35m[W3C (8e81cf6f)][39m Driver proxy active, passing request on via HTTP proxy
[35m[WD Proxy][39m Replacing sessionId fd594893-7904-46c0-9926-5558ac055e37 with 8e81cf6f-8602-43fb-8c22-853e10bb4056
[35m[HTTP][39m [37m<-- GET /wd/hub/session/8e81cf6f-8602-43fb-8c22-853e10bb4056/element/00000000-0000-0305-ffff-ffff000014db/location [39m[32m200[39m [90m35 ms - 78[39m
[35m[HTTP][39m [90m[39m
[35m[HTTP][39m [37m-->[39m [37mGET[39m [37m/wd/hub/session/8e81cf6f-8602-43fb-8c22-853e10bb4056/element/00000000-0000-0305-ffff-ffff000014db/size[39m
[35m[HTTP][39m [90m{}[39m
[35m[W3C (8e81cf6f)][39m Driver proxy active, passing request on via HTTP proxy
[35m[WD Proxy][39m Replacing sessionId fd594893-7904-46c0-9926-5558ac055e37 with 8e81cf6f-8602-43fb-8c22-853e10bb4056
[35m[HTTP][39m [37m<-- GET /wd/hub/session/8e81cf6f-8602-43fb-8c22-853e10bb4056/element/00000000-0000-0305-ffff-ffff000014db/size [39m[32m200[39m [90m515 ms - 85[39m
[35m[HTTP][39m [90m[39m
[35m[HTTP][39m [37m-->[39m [37mGET[39m [37m/wd/hub/session/8e81cf6f-8602-43fb-8c22-853e10bb4056/source[39m
[35m[HTTP][39m [90m{}[39m
[35m[W3C (8e81cf6f)][39m Driver proxy active, passing request on via HTTP proxy
[35m[WD Proxy][39m Replacing sessionId fd594893-7904-46c0-9926-5558ac055e37 with 8e81cf6f-8602-43fb-8c22-853e10bb4056
[35m[HTTP][39m [37m<-- GET /wd/hub/session/8e81cf6f-8602-43fb-8c22-853e10bb4056/source [39m[32m200[39m [90m298 ms - 45164[39m
[35m[HTTP][39m [90m[39m
[35m[HTTP][39m [37m-->[39m [37mGET[39m [37m/wd/hub/session/8e81cf6f-8602-43fb-8c22-853e10bb4056/screenshot[39m
[35m[HTTP][39m [90m{}[39m
[35m[HTTP][39m [37m<-- GET /wd/hub/session/8e81cf6f-8602-43fb-8c22-853e10bb4056/screenshot [39m[32m200[39m [90m711 ms - 297488[39m
[35m[HTTP][39m [90m[39m
[35m[HTTP][39m [37m-->[39m [37mPOST[39m [37m/wd/hub/session/8e81cf6f-8602-43fb-8c22-853e10bb4056/elements[39m
[35m[HTTP][39m [90m{"using":"xpath","value":"//*[@class = 'android.widget.TextView' and (@text = ' 22233591062382' or . = ' 22233591062382') and @resource-id = 'com.traveloka.android:id/text_view_account_holder']"}[39m
[35m[HTTP][39m [37m<-- POST /wd/hub/session/8e81cf6f-8602-43fb-8c22-853e10bb4056/elements [39m[32m200[39m [90m808 ms - 139[39m
[35m[HTTP][39m [90m[39m
[35m[HTTP][39m [37m-->[39m [37mPOST[39m [37m/wd/hub/session/8e81cf6f-8602-43fb-8c22-853e10bb4056/timeouts[39m
[35m[HTTP][39m [90m{"implicit":1000}[39m
[35m[HTTP][39m [37m<-- POST /wd/hub/session/8e81cf6f-8602-43fb-8c22-853e10bb4056/timeouts [39m[32m200[39m [90m1 ms - 14[39m
[35m[HTTP][39m [90m[39m
[35m[HTTP][39m [37m-->[39m [37mPOST[39m [37m/wd/hub/session/8e81cf6f-8602-43fb-8c22-853e10bb4056/elements[39m
[35m[HTTP][39m [90m{"using":"xpath","value":"//*[@resource-id='com.traveloka.android:id/text_view_account_holder']"}[39m
[35m[HTTP][39m [37m<-- POST /wd/hub/session/8e81cf6f-8602-43fb-8c22-853e10bb4056/elements [39m[32m200[39m [90m602 ms - 139[39m
[35m[HTTP][39m [90m[39m
[35m[HTTP][39m [37m-->[39m [37mGET[39m [37m/wd/hub/session/8e81cf6f-8602-43fb-8c22-853e10bb4056/element/00000000-0000-031a-ffff-ffff000015c9/location[39m
[35m[HTTP][39m [90m{}[39m
[35m[W3C (8e81cf6f)][39m Driver proxy active, passing request on via HTTP proxy
[35m[WD Proxy][39m Replacing sessionId fd594893-7904-46c0-9926-5558ac055e37 with 8e81cf6f-8602-43fb-8c22-853e10bb4056
[35m[HTTP][39m [37m<-- GET /wd/hub/session/8e81cf6f-8602-43fb-8c22-853e10bb4056/element/00000000-0000-031a-ffff-ffff000015c9/location [39m[32m200[39m [90m769 ms - 79[39m
[35m[HTTP][39m [90m[39m
[35m[HTTP][39m [37m-->[39m [37mGET[39m [37m/wd/hub/session/8e81cf6f-8602-43fb-8c22-853e10bb4056/element/00000000-0000-031a-ffff-ffff000015c9/size[39m
[35m[HTTP][39m [90m{}[39m
[35m[W3C (8e81cf6f)][39m Driver proxy active, passing request on via HTTP proxy
[35m[WD Proxy][39m Replacing sessionId fd594893-7904-46c0-9926-5558ac055e37 with 8e81cf6f-8602-43fb-8c22-853e10bb4056
[35m[HTTP][39m [37m<-- GET /wd/hub/session/8e81cf6f-8602-43fb-8c22-853e10bb4056/element/00000000-0000-031a-ffff-ffff000015c9/size [39m[32m200[39m [90m60 ms - 86[39m
[35m[HTTP][39m [90m[39m
[35m[BaseDriver][39m Shutting down because we waited 1800 seconds for a command
[35m[Appium][39m Closing session, cause was 'New Command Timeout of 1800 seconds expired. Try customizing the timeout using the 'newCommandTimeout' desired capability'
[35m[Appium][39m Removing session '8e81cf6f-8602-43fb-8c22-853e10bb4056' from our master session list
[35m[UiAutomator2][39m Did not get confirmation UiAutomator2 deleteSession worked; Error was: UnknownError: An unknown server-side error occurred while processing the command. Original error: 'DELETE /' cannot be proxied to UiAutomator2 server because the instrumentation process is not running (probably crashed). Check the server log and/or the logcat output for more details
[35m[UiAutomator2][39m Restoring hidden api policy to the device default configuration
